<?xml version="1.0" encoding="UTF-8" ?>
<testsuites errors="0"
            failures="0"
            tests="0">

  <testsuite name="test-1"
    errors="0" failures="0" hostname="" id="" package="test-1" skipped="1"
    tests="0" time="0" timestamp="">
  

  
    <system-err>
        Error: An error occurred while retrieving a new session: &#34;Connection refused to 127.0.0.1:4444&#34;. If the Webdriver/Selenium service is managed by Nightwatch, check if &#34;start_process&#34; is set to &#34;true&#34;.
       at emitErrorNT (internal/streams/destroy.js:92:8)
       at emitErrorAndCloseNT (internal/streams/destroy.js:60:3)
       at processTicksAndRejections (internal/process/task_queues.js:81:21)
    </system-err>
  

    
    <error message="An error occurred while retrieving a new session: &#34;Connection refused to 127.0.0.1:4444&#34;. If the Webdriver/Selenium service is managed by Nightwatch, check if &#34;start_process&#34; is set to &#34;true&#34;."><![CDATA[
      Error: An error occurred while retrieving a new session: &#34;Connection refused to 127.0.0.1:4444&#34;. If the Webdriver/Selenium service is managed by Nightwatch, check if &#34;start_process&#34; is set to &#34;true&#34;.
    at JsonWireProtocol.handleSessionCreateError (C:\Users\teran.selin\git\web-tester\node_modules\nightwatch\lib\transport\transport.js:103:15)
    at HttpRequest.&lt;anonymous&gt; (C:\Users\teran.selin\git\web-tester\node_modules\nightwatch\lib\transport\transport.js:159:32)
    at HttpRequest.emit (events.js:223:5)
    at ClientRequest.&lt;anonymous&gt; (C:\Users\teran.selin\git\web-tester\node_modules\nightwatch\lib\http\request.js:142:19)
    at ClientRequest.emit (events.js:228:7)
    at Socket.socketErrorListener (_http_client.js:406:9)
    at Socket.emit (events.js:223:5)
    at emitErrorNT (internal/streams/destroy.js:92:8)
    at emitErrorAndCloseNT (internal/streams/destroy.js:60:3)
    at processTicksAndRejections (internal/process/task_queues.js:81:21)
      ]]></error>  

  
    
    <testcase
      name="pdq.com" classname="test-1">
      <skipped />
    </testcase>
    
  
  </testsuite>
</testsuites>
